[00005611f340b420] main libvlc: Running vlc with the default interface. Use 'cvlc' to use vlc without interface.
libdvdnav: Using dvdnav version 6.0.0
libdvdread: Encrypted DVD support unavailable.
************************************************
**                                            **
**  No css library available. See             **
**  /usr/share/doc/libdvdread4/README.css     **
**  for more information.                     **
**                                            **
************************************************
libdvdread: Couldn't find device name.
libdvdread:DVDOpenFilePath:findDVDFile /VIDEO_TS/VIDEO_TS.IFO failed
libdvdread:DVDOpenFilePath:findDVDFile /VIDEO_TS/VIDEO_TS.BUP failed
libdvdread: Can't open file VIDEO_TS.IFO.
libdvdnav: vm: failed to read VIDEO_TS.IFO
Icon theme "papirus" not found.
Invalid Context= "stock" line for icon theme:  "/usr/share/icons/ubuntu-mono-dark/stock/16/"
Invalid Context= "stock" line for icon theme:  "/usr/share/icons/ubuntu-mono-dark/stock/22/"
Invalid Context= "stock" line for icon theme:  "/usr/share/icons/ubuntu-mono-dark/stock/24/"
Invalid Context= "stock" line for icon theme:  "/usr/share/icons/ubuntu-mono-dark/stock/32/"
Invalid Context= "stock" line for icon theme:  "/usr/share/icons/ubuntu-mono-dark/stock/48/"
Invalid Context= "stock" line for icon theme:  "/usr/share/icons/ubuntu-mono-dark/stock/64/"
Invalid Context= "stock" line for icon theme:  "/usr/share/icons/ubuntu-mono-dark/stock/128/"
Icon theme "gnome" not found.
libdvdnav: Using dvdnav version 6.0.0
libdvdread: Encrypted DVD support unavailable.
************************************************
**                                            **
**  No css library available. See             **
**  /usr/share/doc/libdvdread4/README.css     **
**  for more information.                     **
**                                            **
************************************************
libdvdread: Couldn't find device name.
libdvdread:DVDOpenFilePath:findDVDFile /VIDEO_TS/VIDEO_TS.IFO failed
libdvdread:DVDOpenFilePath:findDVDFile /VIDEO_TS/VIDEO_TS.BUP failed
libdvdread: Can't open file VIDEO_TS.IFO.
libdvdnav: vm: failed to read VIDEO_TS.IFO
[31muint DBusMenuExporterDBus::GetLayout(int, int, const QStringList&, DBusMenuLayoutItem&)[0m: Condition failed: menu
[31muint DBusMenuExporterDBus::GetLayout(int, int, const QStringList&, DBusMenuLayoutItem&)[0m: Condition failed: menu
libva info: VA-API version 1.1.0
libva info: va_getDriverName() returns 0
libva info: Trying to open /usr/lib/x86_64-linux-gnu/dri/i965_drv_video.so
libva info: Found init function __vaDriverInit_1_1
libva info: va_openDriver() returns 0
[00007f6d4d1b03a0] avcodec decoder: Using Intel i965 driver for Intel(R) Kaby Lake - 2.1.0 for hardware decoding
[00007f6d51324c60] avcodec decoder: Using Intel i965 driver for Intel(R) Kaby Lake - 2.1.0 for hardware decoding
[31muint DBusMenuExporterDBus::GetLayout(int, int, const QStringList&, DBusMenuLayoutItem&)[0m: Condition failed: menu
[31muint DBusMenuExporterDBus::GetLayout(int, int, const QStringList&, DBusMenuLayoutItem&)[0m: Condition failed: menu
[31muint DBusMenuExporterDBus::GetLayout(int, int, const QStringList&, DBusMenuLayoutItem&)[0m: Condition failed: menu
[31muint DBusMenuExporterDBus::GetLayout(int, int, const QStringList&, DBusMenuLayoutItem&)[0m: Condition failed: menu
[31muint DBusMenuExporterDBus::GetLayout(int, int, const QStringList&, DBusMenuLayoutItem&)[0m: Condition failed: menu
[31muint DBusMenuExporterDBus::GetLayout(int, int, const QStringList&, DBusMenuLayoutItem&)[0m: Condition failed: menu
[31muint DBusMenuExporterDBus::GetLayout(int, int, const QStringList&, DBusMenuLayoutItem&)[0m: Condition failed: menu
[31muint DBusMenuExporterDBus::GetLayout(int, int, const QStringList&, DBusMenuLayoutItem&)[0m: Condition failed: menu
[00007f6d513e0470] main decoder error: Timestamp conversion failed for 3741245533: no reference clock
[00007f6d513e0470] main decoder error: Could not convert timestamp 0 for faad
[00007f6d51324c60] main decoder error: Timestamp conversion failed for 3771367601: no reference clock
[00007f6d51324c60] main decoder error: Could not convert timestamp 0 for FFmpeg
[00007f6d51324c60] main decoder error: Timestamp conversion failed for 3791287501: no reference clock
[00007f6d51324c60] main decoder error: Could not convert timestamp 0 for FFmpeg
[00007f6d51324c60] main decoder error: Timestamp conversion failed for 3821250767: no reference clock
[00007f6d51324c60] main decoder error: Could not convert timestamp 0 for FFmpeg
[00007f6d51324c60] main decoder error: Timestamp conversion failed for 3831327501: no reference clock
[00007f6d51324c60] main decoder error: Could not convert timestamp 0 for FFmpeg
[00007f6d51324c60] main decoder error: Timestamp conversion failed for 3841337501: no reference clock
[00007f6d51324c60] main decoder error: Could not convert timestamp 0 for FFmpeg
[00007f6d51324c60] main decoder error: buffer deadlock prevented
[00007f6d513e0470] main decoder error: buffer deadlock prevented
[00007f6d50c4d3f0] avcodec decoder: Using Intel i965 driver for Intel(R) Kaby Lake - 2.1.0 for hardware decoding
[31muint DBusMenuExporterDBus::GetLayout(int, int, const QStringList&, DBusMenuLayoutItem&)[0m: Condition failed: menu
[31muint DBusMenuExporterDBus::GetLayout(int, int, const QStringList&, DBusMenuLayoutItem&)[0m: Condition failed: menu
[31muint DBusMenuExporterDBus::GetLayout(int, int, const QStringList&, DBusMenuLayoutItem&)[0m: Condition failed: menu
[31muint DBusMenuExporterDBus::GetLayout(int, int, const QStringList&, DBusMenuLayoutItem&)[0m: Condition failed: menu
[31muint DBusMenuExporterDBus::GetLayout(int, int, const QStringList&, DBusMenuLayoutItem&)[0m: Condition failed: menu
[31muint DBusMenuExporterDBus::GetLayout(int, int, const QStringList&, DBusMenuLayoutItem&)[0m: Condition failed: menu
[31muint DBusMenuExporterDBus::GetLayout(int, int, const QStringList&, DBusMenuLayoutItem&)[0m: Condition failed: menu
[31muint DBusMenuExporterDBus::GetLayout(int, int, const QStringList&, DBusMenuLayoutItem&)[0m: Condition failed: menu
